{"C:\\Users\\mcellmi\\WebstormProjects\\UTC\\graphSearch\\src\\graph.js":{"path":"C:\\Users\\mcellmi\\WebstormProjects\\UTC\\graphSearch\\src\\graph.js","s":{"1":1,"2":1,"3":1,"4":1,"5":1,"6":17,"7":17,"8":17,"9":2,"10":17,"11":234687,"12":234687,"13":234687,"14":1,"15":1,"16":234686,"17":234687,"18":234760,"19":0,"20":0,"21":234760,"22":234760,"23":234760,"24":234747,"25":13,"26":234760,"27":47564,"28":6,"29":0,"30":0,"31":6,"32":0,"33":6,"34":52,"35":52,"36":0,"37":3,"38":0,"39":0,"40":3,"41":0,"42":3,"43":3,"44":0,"45":3,"46":10,"47":0,"48":10,"49":3,"50":3,"51":3,"52":3,"53":3,"54":3,"55":3,"56":3,"57":1,"58":1,"59":1,"60":3,"61":3,"62":234685,"63":234685,"64":234685,"65":0,"66":234685,"67":234685,"68":0,"69":234685,"70":3,"71":1,"72":1,"73":1,"74":3,"75":1},"b":{"1":[17,0],"2":[17,0],"3":[0,0],"4":[2,15],"5":[17,17],"6":[1,234686],"7":[0,234760],"8":[234760,234760],"9":[234747,13],"10":[47564,187196],"11":[0,6],"12":[6,6],"13":[0,6],"14":[52,0],"15":[0,3],"16":[3,3],"17":[0,3],"18":[0,3],"19":[0,10],"20":[3,0],"21":[0,234685]},"f":{"1":17,"2":234687,"3":234760,"4":6,"5":52,"6":3,"7":10,"8":3},"fnMap":{"1":{"name":"(anonymous_1)","line":19,"loc":{"start":{"line":19,"column":15},"end":{"line":19,"column":31}}},"2":{"name":"(anonymous_2)","line":61,"loc":{"start":{"line":61,"column":17},"end":{"line":61,"column":24}}},"3":{"name":"(anonymous_3)","line":84,"loc":{"start":{"line":84,"column":11},"end":{"line":84,"column":32}}},"4":{"name":"(anonymous_4)","line":117,"loc":{"start":{"line":117,"column":14},"end":{"line":117,"column":35}}},"5":{"name":"(anonymous_5)","line":136,"loc":{"start":{"line":136,"column":20},"end":{"line":136,"column":26}}},"6":{"name":"(anonymous_6)","line":151,"loc":{"start":{"line":151,"column":12},"end":{"line":151,"column":33}}},"7":{"name":"(anonymous_7)","line":175,"loc":{"start":{"line":175,"column":16},"end":{"line":175,"column":26}}},"8":{"name":"(anonymous_8)","line":190,"loc":{"start":{"line":190,"column":12},"end":{"line":190,"column":22}}}},"statementMap":{"1":{"start":{"line":6,"column":0},"end":{"line":7,"column":31}},"2":{"start":{"line":11,"column":0},"end":{"line":11,"column":44}},"3":{"start":{"line":12,"column":0},"end":{"line":12,"column":57}},"4":{"start":{"line":13,"column":0},"end":{"line":13,"column":45}},"5":{"start":{"line":14,"column":0},"end":{"line":14,"column":34}},"6":{"start":{"line":25,"column":8},"end":{"line":39,"column":19}},"7":{"start":{"line":40,"column":8},"end":{"line":40,"column":51}},"8":{"start":{"line":42,"column":8},"end":{"line":44,"column":9}},"9":{"start":{"line":43,"column":12},"end":{"line":43,"column":51}},"10":{"start":{"line":47,"column":8},"end":{"line":47,"column":25}},"11":{"start":{"line":62,"column":8},"end":{"line":62,"column":38}},"12":{"start":{"line":63,"column":8},"end":{"line":63,"column":35}},"13":{"start":{"line":65,"column":8},"end":{"line":71,"column":9}},"14":{"start":{"line":66,"column":12},"end":{"line":66,"column":34}},"15":{"start":{"line":67,"column":12},"end":{"line":67,"column":93}},"16":{"start":{"line":70,"column":12},"end":{"line":70,"column":32}},"17":{"start":{"line":72,"column":8},"end":{"line":72,"column":22}},"18":{"start":{"line":85,"column":8},"end":{"line":88,"column":9}},"19":{"start":{"line":86,"column":12},"end":{"line":86,"column":71}},"20":{"start":{"line":87,"column":12},"end":{"line":87,"column":64}},"21":{"start":{"line":90,"column":8},"end":{"line":90,"column":29}},"22":{"start":{"line":91,"column":8},"end":{"line":91,"column":34}},"23":{"start":{"line":94,"column":8},"end":{"line":100,"column":9}},"24":{"start":{"line":96,"column":12},"end":{"line":96,"column":50}},"25":{"start":{"line":99,"column":12},"end":{"line":99,"column":48}},"26":{"start":{"line":103,"column":8},"end":{"line":105,"column":9}},"27":{"start":{"line":104,"column":12},"end":{"line":104,"column":42}},"28":{"start":{"line":118,"column":8},"end":{"line":121,"column":9}},"29":{"start":{"line":119,"column":12},"end":{"line":119,"column":74}},"30":{"start":{"line":120,"column":12},"end":{"line":120,"column":64}},"31":{"start":{"line":123,"column":8},"end":{"line":125,"column":9}},"32":{"start":{"line":124,"column":12},"end":{"line":124,"column":77}},"33":{"start":{"line":126,"column":8},"end":{"line":126,"column":78}},"34":{"start":{"line":137,"column":8},"end":{"line":139,"column":9}},"35":{"start":{"line":138,"column":12},"end":{"line":138,"column":37}},"36":{"start":{"line":140,"column":8},"end":{"line":140,"column":18}},"37":{"start":{"line":152,"column":8},"end":{"line":155,"column":9}},"38":{"start":{"line":153,"column":12},"end":{"line":153,"column":74}},"39":{"start":{"line":154,"column":12},"end":{"line":154,"column":64}},"40":{"start":{"line":157,"column":8},"end":{"line":159,"column":9}},"41":{"start":{"line":158,"column":12},"end":{"line":158,"column":75}},"42":{"start":{"line":160,"column":8},"end":{"line":160,"column":72}},"43":{"start":{"line":162,"column":8},"end":{"line":164,"column":9}},"44":{"start":{"line":163,"column":12},"end":{"line":163,"column":25}},"45":{"start":{"line":165,"column":8},"end":{"line":165,"column":20}},"46":{"start":{"line":176,"column":8},"end":{"line":178,"column":9}},"47":{"start":{"line":177,"column":12},"end":{"line":177,"column":25}},"48":{"start":{"line":179,"column":8},"end":{"line":179,"column":20}},"49":{"start":{"line":191,"column":12},"end":{"line":191,"column":46}},"50":{"start":{"line":192,"column":12},"end":{"line":192,"column":32}},"51":{"start":{"line":193,"column":12},"end":{"line":193,"column":33}},"52":{"start":{"line":195,"column":12},"end":{"line":197,"column":13}},"53":{"start":{"line":196,"column":16},"end":{"line":196,"column":41}},"54":{"start":{"line":200,"column":12},"end":{"line":200,"column":66}},"55":{"start":{"line":202,"column":12},"end":{"line":202,"column":60}},"56":{"start":{"line":204,"column":12},"end":{"line":208,"column":15}},"57":{"start":{"line":205,"column":16},"end":{"line":205,"column":70}},"58":{"start":{"line":206,"column":16},"end":{"line":206,"column":44}},"59":{"start":{"line":207,"column":16},"end":{"line":207,"column":37}},"60":{"start":{"line":210,"column":12},"end":{"line":212,"column":15}},"61":{"start":{"line":214,"column":12},"end":{"line":227,"column":15}},"62":{"start":{"line":215,"column":16},"end":{"line":215,"column":57}},"63":{"start":{"line":216,"column":16},"end":{"line":216,"column":54}},"64":{"start":{"line":217,"column":16},"end":{"line":219,"column":17}},"65":{"start":{"line":218,"column":20},"end":{"line":218,"column":103}},"66":{"start":{"line":220,"column":16},"end":{"line":225,"column":17}},"67":{"start":{"line":221,"column":20},"end":{"line":221,"column":72}},"68":{"start":{"line":224,"column":20},"end":{"line":224,"column":38}},"69":{"start":{"line":226,"column":16},"end":{"line":226,"column":29}},"70":{"start":{"line":228,"column":12},"end":{"line":232,"column":15}},"71":{"start":{"line":229,"column":16},"end":{"line":229,"column":101}},"72":{"start":{"line":230,"column":16},"end":{"line":230,"column":44}},"73":{"start":{"line":231,"column":16},"end":{"line":231,"column":45}},"74":{"start":{"line":236,"column":8},"end":{"line":236,"column":32}},"75":{"start":{"line":240,"column":0},"end":{"line":240,"column":23}}},"branchMap":{"1":{"line":25,"type":"cond-expr","locations":[{"start":{"line":26,"column":16},"end":{"line":26,"column":33}},{"start":{"line":27,"column":16},"end":{"line":39,"column":18}}]},"2":{"line":25,"type":"binary-expr","locations":[{"start":{"line":25,"column":20},"end":{"line":25,"column":49}},{"start":{"line":25,"column":53},"end":{"line":25,"column":86}}]},"3":{"line":32,"type":"cond-expr","locations":[{"start":{"line":33,"column":24},"end":{"line":33,"column":26}},{"start":{"line":34,"column":26},"end":{"line":38,"column":22}}]},"4":{"line":42,"type":"if","locations":[{"start":{"line":42,"column":8},"end":{"line":42,"column":8}},{"start":{"line":42,"column":8},"end":{"line":42,"column":8}}]},"5":{"line":42,"type":"binary-expr","locations":[{"start":{"line":42,"column":12},"end":{"line":42,"column":41}},{"start":{"line":42,"column":45},"end":{"line":42,"column":83}}]},"6":{"line":65,"type":"if","locations":[{"start":{"line":65,"column":8},"end":{"line":65,"column":8}},{"start":{"line":65,"column":8},"end":{"line":65,"column":8}}]},"7":{"line":85,"type":"if","locations":[{"start":{"line":85,"column":8},"end":{"line":85,"column":8}},{"start":{"line":85,"column":8},"end":{"line":85,"column":8}}]},"8":{"line":85,"type":"binary-expr","locations":[{"start":{"line":85,"column":12},"end":{"line":85,"column":33}},{"start":{"line":85,"column":37},"end":{"line":85,"column":63}}]},"9":{"line":94,"type":"if","locations":[{"start":{"line":94,"column":8},"end":{"line":94,"column":8}},{"start":{"line":94,"column":8},"end":{"line":94,"column":8}}]},"10":{"line":103,"type":"if","locations":[{"start":{"line":103,"column":8},"end":{"line":103,"column":8}},{"start":{"line":103,"column":8},"end":{"line":103,"column":8}}]},"11":{"line":118,"type":"if","locations":[{"start":{"line":118,"column":8},"end":{"line":118,"column":8}},{"start":{"line":118,"column":8},"end":{"line":118,"column":8}}]},"12":{"line":118,"type":"binary-expr","locations":[{"start":{"line":118,"column":12},"end":{"line":118,"column":33}},{"start":{"line":118,"column":37},"end":{"line":118,"column":63}}]},"13":{"line":123,"type":"if","locations":[{"start":{"line":123,"column":8},"end":{"line":123,"column":8}},{"start":{"line":123,"column":8},"end":{"line":123,"column":8}}]},"14":{"line":137,"type":"if","locations":[{"start":{"line":137,"column":8},"end":{"line":137,"column":8}},{"start":{"line":137,"column":8},"end":{"line":137,"column":8}}]},"15":{"line":152,"type":"if","locations":[{"start":{"line":152,"column":8},"end":{"line":152,"column":8}},{"start":{"line":152,"column":8},"end":{"line":152,"column":8}}]},"16":{"line":152,"type":"binary-expr","locations":[{"start":{"line":152,"column":12},"end":{"line":152,"column":33}},{"start":{"line":152,"column":37},"end":{"line":152,"column":63}}]},"17":{"line":157,"type":"if","locations":[{"start":{"line":157,"column":8},"end":{"line":157,"column":8}},{"start":{"line":157,"column":8},"end":{"line":157,"column":8}}]},"18":{"line":162,"type":"if","locations":[{"start":{"line":162,"column":8},"end":{"line":162,"column":8}},{"start":{"line":162,"column":8},"end":{"line":162,"column":8}}]},"19":{"line":176,"type":"if","locations":[{"start":{"line":176,"column":8},"end":{"line":176,"column":8}},{"start":{"line":176,"column":8},"end":{"line":176,"column":8}}]},"20":{"line":195,"type":"if","locations":[{"start":{"line":195,"column":12},"end":{"line":195,"column":12}},{"start":{"line":195,"column":12},"end":{"line":195,"column":12}}]},"21":{"line":217,"type":"if","locations":[{"start":{"line":217,"column":16},"end":{"line":217,"column":16}},{"start":{"line":217,"column":16},"end":{"line":217,"column":16}}]}}},"C:\\Users\\mcellmi\\WebstormProjects\\UTC\\graphSearch\\src\\graphSearch.js":{"path":"C:\\Users\\mcellmi\\WebstormProjects\\UTC\\graphSearch\\src\\graphSearch.js","s":{"1":1,"2":1,"3":1,"4":1,"5":1,"6":8,"7":1,"8":7,"9":7,"10":7,"11":7,"12":0,"13":7,"14":7,"15":0,"16":1,"17":1,"18":0,"19":0,"20":0,"21":1,"22":1,"23":1,"24":1,"25":2,"26":2,"27":18,"28":18,"29":18,"30":10,"31":20,"32":8,"33":8,"34":8,"35":8,"36":8,"37":12,"38":2,"39":2,"40":0,"41":0,"42":2,"43":2,"44":2,"45":1,"46":1,"47":9,"48":1,"49":5,"50":5,"51":0,"52":0,"53":0,"54":5,"55":0,"56":0,"57":5,"58":0,"59":0,"60":0,"61":5,"62":0,"63":0,"64":5,"65":0,"66":0,"67":5,"68":5,"69":1,"70":1,"71":4,"72":4,"73":4,"74":4,"75":12,"76":12,"77":12,"78":40,"79":40,"80":12,"81":28,"82":28,"83":16,"84":39,"85":38,"86":38,"87":38,"88":38,"89":28,"90":38,"91":1,"92":12,"93":5,"94":22,"95":5,"96":2,"97":2,"98":12,"99":12,"100":12,"101":12,"102":12,"103":5,"104":5,"105":9,"106":5,"107":1},"b":{"1":[1,7],"2":[7,0],"3":[7,0],"4":[0,0],"5":[0,7],"6":[7,7],"7":[0,7],"8":[7,7],"9":[0,1],"10":[1,1],"11":[10,8],"12":[8,12],"13":[0,2],"14":[0,5],"15":[5,5],"16":[0,5],"17":[0,5],"18":[5,5],"19":[0,5],"20":[0,5],"21":[5,5],"22":[1,4],"23":[5,3],"24":[12,28],"25":[16,12],"26":[38,1],"27":[28,10],"28":[5,7],"29":[2,3],"30":[5,2],"31":[12,7,7,5,3]},"f":{"1":8,"2":1,"3":5,"4":22},"fnMap":{"1":{"name":"(anonymous_1)","line":18,"loc":{"start":{"line":18,"column":15},"end":{"line":18,"column":37}}},"2":{"name":"(anonymous_2)","line":68,"loc":{"start":{"line":68,"column":18},"end":{"line":68,"column":28}}},"3":{"name":"(anonymous_3)","line":142,"loc":{"start":{"line":142,"column":12},"end":{"line":142,"column":30}}},"4":{"name":"(anonymous_4)","line":229,"loc":{"start":{"line":229,"column":59},"end":{"line":229,"column":75}}}},"statementMap":{"1":{"start":{"line":7,"column":0},"end":{"line":7,"column":35}},"2":{"start":{"line":11,"column":0},"end":{"line":11,"column":44}},"3":{"start":{"line":12,"column":0},"end":{"line":12,"column":57}},"4":{"start":{"line":13,"column":0},"end":{"line":13,"column":45}},"5":{"start":{"line":14,"column":0},"end":{"line":14,"column":34}},"6":{"start":{"line":20,"column":8},"end":{"line":22,"column":9}},"7":{"start":{"line":21,"column":12},"end":{"line":21,"column":76}},"8":{"start":{"line":23,"column":8},"end":{"line":23,"column":27}},"9":{"start":{"line":30,"column":8},"end":{"line":44,"column":15}},"10":{"start":{"line":46,"column":8},"end":{"line":46,"column":26}},"11":{"start":{"line":47,"column":8},"end":{"line":49,"column":9}},"12":{"start":{"line":48,"column":12},"end":{"line":48,"column":51}},"13":{"start":{"line":51,"column":8},"end":{"line":51,"column":34}},"14":{"start":{"line":52,"column":8},"end":{"line":54,"column":9}},"15":{"start":{"line":53,"column":12},"end":{"line":53,"column":59}},"16":{"start":{"line":70,"column":8},"end":{"line":70,"column":39}},"17":{"start":{"line":72,"column":8},"end":{"line":76,"column":9}},"18":{"start":{"line":73,"column":12},"end":{"line":73,"column":70}},"19":{"start":{"line":74,"column":12},"end":{"line":74,"column":71}},"20":{"start":{"line":75,"column":12},"end":{"line":75,"column":22}},"21":{"start":{"line":78,"column":8},"end":{"line":79,"column":37}},"22":{"start":{"line":81,"column":8},"end":{"line":81,"column":65}},"23":{"start":{"line":83,"column":8},"end":{"line":83,"column":32}},"24":{"start":{"line":84,"column":8},"end":{"line":123,"column":35}},"25":{"start":{"line":85,"column":12},"end":{"line":85,"column":37}},"26":{"start":{"line":86,"column":12},"end":{"line":112,"column":13}},"27":{"start":{"line":89,"column":16},"end":{"line":89,"column":57}},"28":{"start":{"line":91,"column":16},"end":{"line":92,"column":33}},"29":{"start":{"line":94,"column":16},"end":{"line":111,"column":17}},"30":{"start":{"line":96,"column":20},"end":{"line":110,"column":21}},"31":{"start":{"line":98,"column":24},"end":{"line":109,"column":25}},"32":{"start":{"line":99,"column":28},"end":{"line":99,"column":61}},"33":{"start":{"line":100,"column":28},"end":{"line":100,"column":59}},"34":{"start":{"line":101,"column":28},"end":{"line":101,"column":62}},"35":{"start":{"line":102,"column":28},"end":{"line":102,"column":60}},"36":{"start":{"line":104,"column":28},"end":{"line":104,"column":52}},"37":{"start":{"line":108,"column":28},"end":{"line":108,"column":45}},"38":{"start":{"line":114,"column":12},"end":{"line":114,"column":25}},"39":{"start":{"line":115,"column":12},"end":{"line":118,"column":13}},"40":{"start":{"line":116,"column":16},"end":{"line":116,"column":82}},"41":{"start":{"line":117,"column":16},"end":{"line":117,"column":41}},"42":{"start":{"line":119,"column":12},"end":{"line":119,"column":53}},"43":{"start":{"line":120,"column":12},"end":{"line":120,"column":93}},"44":{"start":{"line":121,"column":12},"end":{"line":121,"column":89}},"45":{"start":{"line":125,"column":8},"end":{"line":125,"column":76}},"46":{"start":{"line":126,"column":8},"end":{"line":128,"column":9}},"47":{"start":{"line":127,"column":12},"end":{"line":127,"column":56}},"48":{"start":{"line":130,"column":8},"end":{"line":130,"column":27}},"49":{"start":{"line":144,"column":8},"end":{"line":144,"column":29}},"50":{"start":{"line":146,"column":8},"end":{"line":150,"column":9}},"51":{"start":{"line":147,"column":12},"end":{"line":147,"column":70}},"52":{"start":{"line":148,"column":12},"end":{"line":148,"column":71}},"53":{"start":{"line":149,"column":12},"end":{"line":149,"column":22}},"54":{"start":{"line":151,"column":8},"end":{"line":154,"column":9}},"55":{"start":{"line":152,"column":12},"end":{"line":152,"column":71}},"56":{"start":{"line":153,"column":12},"end":{"line":153,"column":22}},"57":{"start":{"line":155,"column":8},"end":{"line":159,"column":9}},"58":{"start":{"line":156,"column":12},"end":{"line":156,"column":75}},"59":{"start":{"line":157,"column":12},"end":{"line":157,"column":76}},"60":{"start":{"line":158,"column":12},"end":{"line":158,"column":22}},"61":{"start":{"line":160,"column":8},"end":{"line":163,"column":9}},"62":{"start":{"line":161,"column":12},"end":{"line":161,"column":77}},"63":{"start":{"line":162,"column":12},"end":{"line":162,"column":22}},"64":{"start":{"line":164,"column":8},"end":{"line":167,"column":9}},"65":{"start":{"line":165,"column":12},"end":{"line":165,"column":53}},"66":{"start":{"line":166,"column":12},"end":{"line":166,"column":68}},"67":{"start":{"line":169,"column":8},"end":{"line":169,"column":50}},"68":{"start":{"line":171,"column":8},"end":{"line":251,"column":9}},"69":{"start":{"line":173,"column":12},"end":{"line":173,"column":71}},"70":{"start":{"line":174,"column":12},"end":{"line":174,"column":62}},"71":{"start":{"line":178,"column":12},"end":{"line":180,"column":64}},"72":{"start":{"line":182,"column":12},"end":{"line":182,"column":69}},"73":{"start":{"line":184,"column":12},"end":{"line":184,"column":51}},"74":{"start":{"line":185,"column":12},"end":{"line":250,"column":109}},"75":{"start":{"line":186,"column":16},"end":{"line":186,"column":33}},"76":{"start":{"line":187,"column":16},"end":{"line":187,"column":41}},"77":{"start":{"line":188,"column":16},"end":{"line":224,"column":17}},"78":{"start":{"line":191,"column":20},"end":{"line":191,"column":61}},"79":{"start":{"line":193,"column":20},"end":{"line":223,"column":21}},"80":{"start":{"line":195,"column":24},"end":{"line":195,"column":65}},"81":{"start":{"line":199,"column":24},"end":{"line":200,"column":41}},"82":{"start":{"line":202,"column":24},"end":{"line":222,"column":25}},"83":{"start":{"line":203,"column":28},"end":{"line":221,"column":29}},"84":{"start":{"line":206,"column":32},"end":{"line":218,"column":33}},"85":{"start":{"line":207,"column":36},"end":{"line":207,"column":69}},"86":{"start":{"line":208,"column":36},"end":{"line":208,"column":67}},"87":{"start":{"line":209,"column":36},"end":{"line":209,"column":70}},"88":{"start":{"line":210,"column":36},"end":{"line":212,"column":37}},"89":{"start":{"line":211,"column":40},"end":{"line":211,"column":72}},"90":{"start":{"line":213,"column":36},"end":{"line":213,"column":60}},"91":{"start":{"line":217,"column":36},"end":{"line":217,"column":53}},"92":{"start":{"line":228,"column":16},"end":{"line":236,"column":17}},"93":{"start":{"line":229,"column":20},"end":{"line":231,"column":23}},"94":{"start":{"line":230,"column":24},"end":{"line":230,"column":85}},"95":{"start":{"line":232,"column":20},"end":{"line":235,"column":21}},"96":{"start":{"line":233,"column":24},"end":{"line":233,"column":52}},"97":{"start":{"line":234,"column":24},"end":{"line":234,"column":45}},"98":{"start":{"line":238,"column":16},"end":{"line":238,"column":29}},"99":{"start":{"line":239,"column":16},"end":{"line":239,"column":57}},"100":{"start":{"line":240,"column":16},"end":{"line":240,"column":97}},"101":{"start":{"line":241,"column":16},"end":{"line":241,"column":93}},"102":{"start":{"line":243,"column":16},"end":{"line":243,"column":42}},"103":{"start":{"line":252,"column":8},"end":{"line":252,"column":131}},"104":{"start":{"line":253,"column":8},"end":{"line":255,"column":9}},"105":{"start":{"line":254,"column":12},"end":{"line":254,"column":56}},"106":{"start":{"line":256,"column":8},"end":{"line":256,"column":27}},"107":{"start":{"line":260,"column":0},"end":{"line":260,"column":29}}},"branchMap":{"1":{"line":20,"type":"if","locations":[{"start":{"line":20,"column":8},"end":{"line":20,"column":8}},{"start":{"line":20,"column":8},"end":{"line":20,"column":8}}]},"2":{"line":30,"type":"cond-expr","locations":[{"start":{"line":31,"column":12},"end":{"line":31,"column":29}},{"start":{"line":32,"column":12},"end":{"line":44,"column":14}}]},"3":{"line":30,"type":"binary-expr","locations":[{"start":{"line":30,"column":20},"end":{"line":30,"column":49}},{"start":{"line":30,"column":53},"end":{"line":30,"column":86}}]},"4":{"line":37,"type":"cond-expr","locations":[{"start":{"line":38,"column":20},"end":{"line":38,"column":22}},{"start":{"line":39,"column":22},"end":{"line":43,"column":18}}]},"5":{"line":47,"type":"if","locations":[{"start":{"line":47,"column":8},"end":{"line":47,"column":8}},{"start":{"line":47,"column":8},"end":{"line":47,"column":8}}]},"6":{"line":47,"type":"binary-expr","locations":[{"start":{"line":47,"column":12},"end":{"line":47,"column":41}},{"start":{"line":47,"column":45},"end":{"line":47,"column":83}}]},"7":{"line":52,"type":"if","locations":[{"start":{"line":52,"column":8},"end":{"line":52,"column":8}},{"start":{"line":52,"column":8},"end":{"line":52,"column":8}}]},"8":{"line":52,"type":"binary-expr","locations":[{"start":{"line":52,"column":12},"end":{"line":52,"column":41}},{"start":{"line":52,"column":45},"end":{"line":52,"column":87}}]},"9":{"line":72,"type":"if","locations":[{"start":{"line":72,"column":8},"end":{"line":72,"column":8}},{"start":{"line":72,"column":8},"end":{"line":72,"column":8}}]},"10":{"line":72,"type":"binary-expr","locations":[{"start":{"line":72,"column":12},"end":{"line":72,"column":35}},{"start":{"line":72,"column":40},"end":{"line":72,"column":61}}]},"11":{"line":94,"type":"if","locations":[{"start":{"line":94,"column":16},"end":{"line":94,"column":16}},{"start":{"line":94,"column":16},"end":{"line":94,"column":16}}]},"12":{"line":98,"type":"if","locations":[{"start":{"line":98,"column":24},"end":{"line":98,"column":24}},{"start":{"line":98,"column":24},"end":{"line":98,"column":24}}]},"13":{"line":115,"type":"if","locations":[{"start":{"line":115,"column":12},"end":{"line":115,"column":12}},{"start":{"line":115,"column":12},"end":{"line":115,"column":12}}]},"14":{"line":146,"type":"if","locations":[{"start":{"line":146,"column":8},"end":{"line":146,"column":8}},{"start":{"line":146,"column":8},"end":{"line":146,"column":8}}]},"15":{"line":146,"type":"binary-expr","locations":[{"start":{"line":146,"column":12},"end":{"line":146,"column":50}},{"start":{"line":146,"column":55},"end":{"line":146,"column":91}}]},"16":{"line":151,"type":"if","locations":[{"start":{"line":151,"column":8},"end":{"line":151,"column":8}},{"start":{"line":151,"column":8},"end":{"line":151,"column":8}}]},"17":{"line":155,"type":"if","locations":[{"start":{"line":155,"column":8},"end":{"line":155,"column":8}},{"start":{"line":155,"column":8},"end":{"line":155,"column":8}}]},"18":{"line":155,"type":"binary-expr","locations":[{"start":{"line":155,"column":12},"end":{"line":155,"column":55}},{"start":{"line":155,"column":60},"end":{"line":155,"column":101}}]},"19":{"line":160,"type":"if","locations":[{"start":{"line":160,"column":8},"end":{"line":160,"column":8}},{"start":{"line":160,"column":8},"end":{"line":160,"column":8}}]},"20":{"line":164,"type":"if","locations":[{"start":{"line":164,"column":8},"end":{"line":164,"column":8}},{"start":{"line":164,"column":8},"end":{"line":164,"column":8}}]},"21":{"line":164,"type":"binary-expr","locations":[{"start":{"line":164,"column":12},"end":{"line":164,"column":54}},{"start":{"line":164,"column":59},"end":{"line":164,"column":99}}]},"22":{"line":171,"type":"if","locations":[{"start":{"line":171,"column":8},"end":{"line":171,"column":8}},{"start":{"line":171,"column":8},"end":{"line":171,"column":8}}]},"23":{"line":171,"type":"binary-expr","locations":[{"start":{"line":171,"column":13},"end":{"line":171,"column":59}},{"start":{"line":172,"column":13},"end":{"line":172,"column":69}}]},"24":{"line":193,"type":"if","locations":[{"start":{"line":193,"column":20},"end":{"line":193,"column":20}},{"start":{"line":193,"column":20},"end":{"line":193,"column":20}}]},"25":{"line":202,"type":"if","locations":[{"start":{"line":202,"column":24},"end":{"line":202,"column":24}},{"start":{"line":202,"column":24},"end":{"line":202,"column":24}}]},"26":{"line":206,"type":"if","locations":[{"start":{"line":206,"column":32},"end":{"line":206,"column":32}},{"start":{"line":206,"column":32},"end":{"line":206,"column":32}}]},"27":{"line":210,"type":"if","locations":[{"start":{"line":210,"column":36},"end":{"line":210,"column":36}},{"start":{"line":210,"column":36},"end":{"line":210,"column":36}}]},"28":{"line":228,"type":"if","locations":[{"start":{"line":228,"column":16},"end":{"line":228,"column":16}},{"start":{"line":228,"column":16},"end":{"line":228,"column":16}}]},"29":{"line":232,"type":"if","locations":[{"start":{"line":232,"column":20},"end":{"line":232,"column":20}},{"start":{"line":232,"column":20},"end":{"line":232,"column":20}}]},"30":{"line":232,"type":"binary-expr","locations":[{"start":{"line":232,"column":25},"end":{"line":232,"column":49}},{"start":{"line":232,"column":55},"end":{"line":232,"column":96}}]},"31":{"line":249,"type":"binary-expr","locations":[{"start":{"line":249,"column":22},"end":{"line":249,"column":64}},{"start":{"line":249,"column":68},"end":{"line":249,"column":84}},{"start":{"line":250,"column":22},"end":{"line":250,"column":68}},{"start":{"line":250,"column":72},"end":{"line":250,"column":86}},{"start":{"line":250,"column":90},"end":{"line":250,"column":106}}]}}}}