TN:
SF:C:\Users\mcellmi\WebstormProjects\UTC\graphSearch\src\graph.js
FN:19,(anonymous_1)
FN:61,(anonymous_2)
FN:84,(anonymous_3)
FN:117,(anonymous_4)
FN:136,(anonymous_5)
FN:151,(anonymous_6)
FN:175,(anonymous_7)
FN:190,(anonymous_8)
FNF:8
FNH:8
FNDA:17,(anonymous_1)
FNDA:234687,(anonymous_2)
FNDA:234760,(anonymous_3)
FNDA:6,(anonymous_4)
FNDA:52,(anonymous_5)
FNDA:3,(anonymous_6)
FNDA:10,(anonymous_7)
FNDA:3,(anonymous_8)
DA:6,1
DA:11,1
DA:12,1
DA:13,1
DA:14,1
DA:25,17
DA:40,17
DA:42,17
DA:43,2
DA:47,17
DA:62,234687
DA:63,234687
DA:65,234687
DA:66,1
DA:67,1
DA:70,234686
DA:72,234687
DA:85,234760
DA:86,0
DA:87,0
DA:90,234760
DA:91,234760
DA:94,234760
DA:96,234747
DA:99,13
DA:103,234760
DA:104,47564
DA:118,6
DA:119,0
DA:120,0
DA:123,6
DA:124,0
DA:126,6
DA:137,52
DA:138,52
DA:140,0
DA:152,3
DA:153,0
DA:154,0
DA:157,3
DA:158,0
DA:160,3
DA:162,3
DA:163,0
DA:165,3
DA:176,10
DA:177,0
DA:179,10
DA:191,3
DA:192,3
DA:193,3
DA:195,3
DA:196,3
DA:200,3
DA:202,3
DA:204,3
DA:205,1
DA:206,1
DA:207,1
DA:210,3
DA:214,3
DA:215,234685
DA:216,234685
DA:217,234685
DA:218,0
DA:220,234685
DA:221,234685
DA:224,0
DA:226,234685
DA:228,3
DA:229,1
DA:230,1
DA:231,1
DA:236,3
DA:240,1
LF:75
LH:62
BRDA:25,1,0,17
BRDA:25,1,1,0
BRDA:25,2,0,17
BRDA:25,2,1,0
BRDA:32,3,0,0
BRDA:32,3,1,0
BRDA:42,4,0,2
BRDA:42,4,1,15
BRDA:42,5,0,17
BRDA:42,5,1,17
BRDA:65,6,0,1
BRDA:65,6,1,234686
BRDA:85,7,0,0
BRDA:85,7,1,234760
BRDA:85,8,0,234760
BRDA:85,8,1,234760
BRDA:94,9,0,234747
BRDA:94,9,1,13
BRDA:103,10,0,47564
BRDA:103,10,1,187196
BRDA:118,11,0,0
BRDA:118,11,1,6
BRDA:118,12,0,6
BRDA:118,12,1,6
BRDA:123,13,0,0
BRDA:123,13,1,6
BRDA:137,14,0,52
BRDA:137,14,1,0
BRDA:152,15,0,0
BRDA:152,15,1,3
BRDA:152,16,0,3
BRDA:152,16,1,3
BRDA:157,17,0,0
BRDA:157,17,1,3
BRDA:162,18,0,0
BRDA:162,18,1,3
BRDA:176,19,0,0
BRDA:176,19,1,10
BRDA:195,20,0,3
BRDA:195,20,1,0
BRDA:217,21,0,0
BRDA:217,21,1,234685
BRF:42
BRH:28
end_of_record
TN:
SF:C:\Users\mcellmi\WebstormProjects\UTC\graphSearch\src\graphSearch.js
FN:18,(anonymous_1)
FN:68,(anonymous_2)
FN:142,(anonymous_3)
FN:229,(anonymous_4)
FNF:4
FNH:4
FNDA:8,(anonymous_1)
FNDA:1,(anonymous_2)
FNDA:5,(anonymous_3)
FNDA:22,(anonymous_4)
DA:7,1
DA:11,1
DA:12,1
DA:13,1
DA:14,1
DA:20,8
DA:21,1
DA:23,7
DA:30,7
DA:46,7
DA:47,7
DA:48,0
DA:51,7
DA:52,7
DA:53,0
DA:70,1
DA:72,1
DA:73,0
DA:74,0
DA:75,0
DA:78,1
DA:81,1
DA:83,1
DA:84,1
DA:85,2
DA:86,2
DA:89,18
DA:91,18
DA:94,18
DA:96,10
DA:98,20
DA:99,8
DA:100,8
DA:101,8
DA:102,8
DA:104,8
DA:108,12
DA:114,2
DA:115,2
DA:116,0
DA:117,0
DA:119,2
DA:120,2
DA:121,2
DA:125,1
DA:126,1
DA:127,9
DA:130,1
DA:144,5
DA:146,5
DA:147,0
DA:148,0
DA:149,0
DA:151,5
DA:152,0
DA:153,0
DA:155,5
DA:156,0
DA:157,0
DA:158,0
DA:160,5
DA:161,0
DA:162,0
DA:164,5
DA:165,0
DA:166,0
DA:169,5
DA:171,5
DA:173,1
DA:174,1
DA:178,4
DA:182,4
DA:184,4
DA:185,4
DA:186,12
DA:187,12
DA:188,12
DA:191,40
DA:193,40
DA:195,12
DA:199,28
DA:202,28
DA:203,16
DA:206,39
DA:207,38
DA:208,38
DA:209,38
DA:210,38
DA:211,28
DA:213,38
DA:217,1
DA:228,12
DA:229,5
DA:230,22
DA:232,5
DA:233,2
DA:234,2
DA:238,12
DA:239,12
DA:240,12
DA:241,12
DA:243,12
DA:252,5
DA:253,5
DA:254,9
DA:256,5
DA:260,1
LF:107
LH:88
BRDA:20,1,0,1
BRDA:20,1,1,7
BRDA:30,2,0,7
BRDA:30,2,1,0
BRDA:30,3,0,7
BRDA:30,3,1,0
BRDA:37,4,0,0
BRDA:37,4,1,0
BRDA:47,5,0,0
BRDA:47,5,1,7
BRDA:47,6,0,7
BRDA:47,6,1,7
BRDA:52,7,0,0
BRDA:52,7,1,7
BRDA:52,8,0,7
BRDA:52,8,1,7
BRDA:72,9,0,0
BRDA:72,9,1,1
BRDA:72,10,0,1
BRDA:72,10,1,1
BRDA:94,11,0,10
BRDA:94,11,1,8
BRDA:98,12,0,8
BRDA:98,12,1,12
BRDA:115,13,0,0
BRDA:115,13,1,2
BRDA:146,14,0,0
BRDA:146,14,1,5
BRDA:146,15,0,5
BRDA:146,15,1,5
BRDA:151,16,0,0
BRDA:151,16,1,5
BRDA:155,17,0,0
BRDA:155,17,1,5
BRDA:155,18,0,5
BRDA:155,18,1,5
BRDA:160,19,0,0
BRDA:160,19,1,5
BRDA:164,20,0,0
BRDA:164,20,1,5
BRDA:164,21,0,5
BRDA:164,21,1,5
BRDA:171,22,0,1
BRDA:171,22,1,4
BRDA:171,23,0,5
BRDA:171,23,1,3
BRDA:193,24,0,12
BRDA:193,24,1,28
BRDA:202,25,0,16
BRDA:202,25,1,12
BRDA:206,26,0,38
BRDA:206,26,1,1
BRDA:210,27,0,28
BRDA:210,27,1,10
BRDA:228,28,0,5
BRDA:228,28,1,7
BRDA:232,29,0,2
BRDA:232,29,1,3
BRDA:232,30,0,5
BRDA:232,30,1,2
BRDA:249,31,0,12
BRDA:249,31,1,7
BRDA:249,31,2,7
BRDA:249,31,3,5
BRDA:249,31,4,3
BRF:65
BRH:52
end_of_record
